  [1m[36m (1.2ms)[0m  [1mCREATE TABLE "schema_migrations" ("version" varchar NOT NULL) [0m
  [1m[35m (0.0ms)[0m  select sqlite_version(*)
  [1m[36m (1.0ms)[0m  [1mCREATE UNIQUE INDEX "unique_schema_migrations" ON "schema_migrations" ("version")[0m
  [1m[35mActiveRecord::SchemaMigration Load (0.1ms)[0m  SELECT "schema_migrations".* FROM "schema_migrations"
  [1m[36mActiveRecord::SchemaMigration Load (0.1ms)[0m  [1mSELECT "schema_migrations".* FROM "schema_migrations"[0m
Migrating to CreatePosts (20151230232412)
  [1m[35m (0.1ms)[0m  begin transaction
  [1m[36m (0.4ms)[0m  [1mCREATE TABLE "posts" ("id" INTEGER PRIMARY KEY AUTOINCREMENT NOT NULL, "title" varchar, "description" text, "created_at" datetime NOT NULL, "updated_at" datetime NOT NULL) [0m
  [1m[35mSQL (0.2ms)[0m  INSERT INTO "schema_migrations" ("version") VALUES (?)  [["version", "20151230232412"]]
  [1m[36m (1.3ms)[0m  [1mcommit transaction[0m
  [1m[35mActiveRecord::SchemaMigration Load (0.1ms)[0m  SELECT "schema_migrations".* FROM "schema_migrations"


Started GET "/" for ::1 at 2018-08-09 14:25:47 -0400
  [1m[36mActiveRecord::SchemaMigration Load (0.1ms)[0m  [1mSELECT "schema_migrations".* FROM "schema_migrations"[0m
Processing by Rails::WelcomeController#index as HTML
  Rendered /Users/Kuki/.rvm/gems/ruby-2.3.3/gems/railties-4.2.10/lib/rails/templates/rails/welcome/index.html.erb (2.3ms)
Completed 200 OK in 24ms (Views: 14.8ms | ActiveRecord: 0.0ms)


Started GET "/posts" for ::1 at 2018-08-09 14:25:52 -0400
Processing by PostsController#index as HTML
  [1m[35mPost Load (0.1ms)[0m  SELECT "posts".* FROM "posts"
  Rendered posts/index.html.erb within layouts/application (1.1ms)
Completed 200 OK in 441ms (Views: 439.1ms | ActiveRecord: 0.2ms)


Started GET "/register" for ::1 at 2018-08-09 14:25:59 -0400

ActionController::RoutingError (uninitialized constant UsersController):
  activesupport (4.2.10) lib/active_support/inflector/methods.rb:261:in `const_get'
  activesupport (4.2.10) lib/active_support/inflector/methods.rb:261:in `block in constantize'
  activesupport (4.2.10) lib/active_support/inflector/methods.rb:259:in `each'
  activesupport (4.2.10) lib/active_support/inflector/methods.rb:259:in `inject'
  activesupport (4.2.10) lib/active_support/inflector/methods.rb:259:in `constantize'
  actionpack (4.2.10) lib/action_dispatch/routing/route_set.rb:70:in `controller_reference'
  actionpack (4.2.10) lib/action_dispatch/routing/route_set.rb:60:in `controller'
  actionpack (4.2.10) lib/action_dispatch/routing/route_set.rb:39:in `serve'
  actionpack (4.2.10) lib/action_dispatch/journey/router.rb:43:in `block in serve'
  actionpack (4.2.10) lib/action_dispatch/journey/router.rb:30:in `each'
  actionpack (4.2.10) lib/action_dispatch/journey/router.rb:30:in `serve'
  actionpack (4.2.10) lib/action_dispatch/routing/route_set.rb:817:in `call'
  rack (1.6.10) lib/rack/etag.rb:24:in `call'
  rack (1.6.10) lib/rack/conditionalget.rb:25:in `call'
  rack (1.6.10) lib/rack/head.rb:13:in `call'
  actionpack (4.2.10) lib/action_dispatch/middleware/params_parser.rb:27:in `call'
  actionpack (4.2.10) lib/action_dispatch/middleware/flash.rb:260:in `call'
  rack (1.6.10) lib/rack/session/abstract/id.rb:225:in `context'
  rack (1.6.10) lib/rack/session/abstract/id.rb:220:in `call'
  actionpack (4.2.10) lib/action_dispatch/middleware/cookies.rb:560:in `call'
  activerecord (4.2.10) lib/active_record/query_cache.rb:36:in `call'
  activerecord (4.2.10) lib/active_record/connection_adapters/abstract/connection_pool.rb:653:in `call'
  activerecord (4.2.10) lib/active_record/migration.rb:377:in `call'
  actionpack (4.2.10) lib/action_dispatch/middleware/callbacks.rb:29:in `block in call'
  activesupport (4.2.10) lib/active_support/callbacks.rb:88:in `__run_callbacks__'
  activesupport (4.2.10) lib/active_support/callbacks.rb:778:in `_run_call_callbacks'
  activesupport (4.2.10) lib/active_support/callbacks.rb:81:in `run_callbacks'
  actionpack (4.2.10) lib/action_dispatch/middleware/callbacks.rb:27:in `call'
  actionpack (4.2.10) lib/action_dispatch/middleware/reloader.rb:73:in `call'
  actionpack (4.2.10) lib/action_dispatch/middleware/remote_ip.rb:78:in `call'
  actionpack (4.2.10) lib/action_dispatch/middleware/debug_exceptions.rb:17:in `call'
  actionpack (4.2.10) lib/action_dispatch/middleware/show_exceptions.rb:30:in `call'
  railties (4.2.10) lib/rails/rack/logger.rb:38:in `call_app'
  railties (4.2.10) lib/rails/rack/logger.rb:20:in `block in call'
  activesupport (4.2.10) lib/active_support/tagged_logging.rb:68:in `block in tagged'
  activesupport (4.2.10) lib/active_support/tagged_logging.rb:26:in `tagged'
  activesupport (4.2.10) lib/active_support/tagged_logging.rb:68:in `tagged'
  railties (4.2.10) lib/rails/rack/logger.rb:20:in `call'
  actionpack (4.2.10) lib/action_dispatch/middleware/request_id.rb:21:in `call'
  rack (1.6.10) lib/rack/methodoverride.rb:22:in `call'
  rack (1.6.10) lib/rack/runtime.rb:18:in `call'
  activesupport (4.2.10) lib/active_support/cache/strategy/local_cache_middleware.rb:28:in `call'
  rack (1.6.10) lib/rack/lock.rb:17:in `call'
  actionpack (4.2.10) lib/action_dispatch/middleware/static.rb:120:in `call'
  rack (1.6.10) lib/rack/sendfile.rb:113:in `call'
  railties (4.2.10) lib/rails/engine.rb:518:in `call'
  railties (4.2.10) lib/rails/application.rb:165:in `call'
  rack (1.6.10) lib/rack/lock.rb:17:in `call'
  rack (1.6.10) lib/rack/content_length.rb:15:in `call'
  rack (1.6.10) lib/rack/handler/webrick.rb:88:in `service'
  /Users/Kuki/.rvm/rubies/ruby-2.3.3/lib/ruby/2.3.0/webrick/httpserver.rb:140:in `service'
  /Users/Kuki/.rvm/rubies/ruby-2.3.3/lib/ruby/2.3.0/webrick/httpserver.rb:96:in `run'
  /Users/Kuki/.rvm/rubies/ruby-2.3.3/lib/ruby/2.3.0/webrick/server.rb:296:in `block in start_thread'


  Rendered /Users/Kuki/.rvm/gems/ruby-2.3.3/gems/actionpack-4.2.10/lib/action_dispatch/middleware/templates/rescues/_trace.html.erb (1.5ms)
  Rendered /Users/Kuki/.rvm/gems/ruby-2.3.3/gems/actionpack-4.2.10/lib/action_dispatch/middleware/templates/routes/_route.html.erb (0.7ms)
  Rendered /Users/Kuki/.rvm/gems/ruby-2.3.3/gems/actionpack-4.2.10/lib/action_dispatch/middleware/templates/routes/_table.html.erb (9.0ms)
  Rendered /Users/Kuki/.rvm/gems/ruby-2.3.3/gems/actionpack-4.2.10/lib/action_dispatch/middleware/templates/rescues/_request_and_response.html.erb (1.2ms)
  Rendered /Users/Kuki/.rvm/gems/ruby-2.3.3/gems/actionpack-4.2.10/lib/action_dispatch/middleware/templates/rescues/routing_error.html.erb within rescues/layout (77.1ms)


Started GET "/posts" for ::1 at 2018-08-09 14:26:15 -0400
Processing by PostsController#index as HTML
  [1m[36mPost Load (0.1ms)[0m  [1mSELECT "posts".* FROM "posts"[0m
  Rendered posts/index.html.erb within layouts/application (0.5ms)
Completed 200 OK in 18ms (Views: 17.5ms | ActiveRecord: 0.1ms)
  [1m[36m (0.1ms)[0m  [1mbegin transaction[0m
  [1m[35mSQL (1.3ms)[0m  INSERT INTO "posts" ("title", "description", "created_at", "updated_at") VALUES (?, ?, ?, ?)  [["title", "Flatiron"], ["description", "Coding bootcamp"], ["created_at", "2018-08-09 18:27:48.044177"], ["updated_at", "2018-08-09 18:27:48.044177"]]
  [1m[36m (0.7ms)[0m  [1mcommit transaction[0m


Started GET "/posts" for ::1 at 2018-08-09 14:27:59 -0400
  [1m[36mActiveRecord::SchemaMigration Load (0.1ms)[0m  [1mSELECT "schema_migrations".* FROM "schema_migrations"[0m
Processing by PostsController#index as HTML
  [1m[35mPost Load (0.1ms)[0m  SELECT "posts".* FROM "posts"
  Rendered posts/index.html.erb within layouts/application (5.5ms)
Completed 200 OK in 270ms (Views: 259.3ms | ActiveRecord: 0.4ms)


Started GET "/posts/1" for ::1 at 2018-08-09 14:28:01 -0400
Processing by PostsController#show as HTML
  Parameters: {"id"=>"1"}
  [1m[36mPost Load (0.2ms)[0m  [1mSELECT  "posts".* FROM "posts" WHERE "posts"."id" = ? LIMIT 1[0m  [["id", 1]]
  Rendered posts/show.html.erb within layouts/application (0.4ms)
Completed 200 OK in 26ms (Views: 10.7ms | ActiveRecord: 0.2ms)


Started GET "/posts/1" for ::1 at 2018-08-09 14:28:04 -0400
Processing by PostsController#show as HTML
  Parameters: {"id"=>"1"}
  [1m[35mPost Load (0.1ms)[0m  SELECT  "posts".* FROM "posts" WHERE "posts"."id" = ? LIMIT 1  [["id", 1]]
  Rendered posts/show.html.erb within layouts/application (0.1ms)
Completed 200 OK in 18ms (Views: 16.5ms | ActiveRecord: 0.1ms)


Started GET "/posts/1" for ::1 at 2018-08-09 14:28:06 -0400
Processing by PostsController#show as HTML
  Parameters: {"id"=>"1"}
  [1m[36mPost Load (0.1ms)[0m  [1mSELECT  "posts".* FROM "posts" WHERE "posts"."id" = ? LIMIT 1[0m  [["id", 1]]
  Rendered posts/show.html.erb within layouts/application (0.1ms)
Completed 200 OK in 21ms (Views: 19.7ms | ActiveRecord: 0.1ms)
  [1m[35m (0.1ms)[0m  begin transaction
  [1m[36mSQL (0.4ms)[0m  [1mINSERT INTO "posts" ("title", "description", "created_at", "updated_at") VALUES (?, ?, ?, ?)[0m  [["title", "Power Rangers"], ["description", "Movie"], ["created_at", "2018-08-09 18:28:47.615577"], ["updated_at", "2018-08-09 18:28:47.615577"]]
  [1m[35m (8.1ms)[0m  commit transaction
  [1m[36mPost Load (0.2ms)[0m  [1mSELECT "posts".* FROM "posts"[0m
  [1m[35mPost Load (0.2ms)[0m  SELECT  "posts".* FROM "posts"  ORDER BY "posts"."id" DESC LIMIT 1
  [1m[36mPost Load (0.2ms)[0m  [1mSELECT  "posts".* FROM "posts"  ORDER BY "posts"."id" DESC LIMIT 1[0m


Started GET "/posts" for ::1 at 2018-08-09 14:29:03 -0400
Processing by PostsController#index as HTML
  [1m[35mPost Load (0.2ms)[0m  SELECT "posts".* FROM "posts"
  Rendered posts/index.html.erb within layouts/application (1.2ms)
Completed 200 OK in 15ms (Views: 14.2ms | ActiveRecord: 0.2ms)


Started GET "/posts/2" for ::1 at 2018-08-09 14:29:04 -0400
Processing by PostsController#show as HTML
  Parameters: {"id"=>"2"}
  [1m[36mPost Load (0.1ms)[0m  [1mSELECT  "posts".* FROM "posts" WHERE "posts"."id" = ? LIMIT 1[0m  [["id", 2]]
  Rendered posts/show.html.erb within layouts/application (0.2ms)
Completed 200 OK in 40ms (Views: 38.9ms | ActiveRecord: 0.1ms)
